Build started 15/11/2021 07:46:56:PM.
     1>Project "C:\Users\Reynaldo Roca\documents\visual studio 2010\Projects\Nodo_Proyecto\Nodo_Proyecto\Nodo_Proyecto.vcxproj" on node 2 (build target(s)).
     1>InitializeBuildStatus:
         Touching "Debug\Nodo_Proyecto.unsuccessfulbuild".
       ClCompile:
         All outputs are up-to-date.
         C:\Program Files (x86)\Microsoft Visual Studio 10.0\VC\bin\CL.exe /c /ZI /nologo /W3 /WX- /Od /Oy- /D WIN32 /D _DEBUG /D _CONSOLE /D _UNICODE /D UNICODE /Gm /EHsc /RTC1 /MDd /GS /fp:precise /Zc:wchar_t /Zc:forScope /Yu"StdAfx.h" /Fp"Debug\Nodo_Proyecto.pch" /Fo"Debug\\" /Fd"Debug\vc100.pdb" /Gd /TP /analyze- /errorReport:prompt Nodo_Proyecto.cpp Vendedor.cpp
         Vendedor.cpp
         Generating Code...
         Skipping... (no relevant changes detected)
         Nodo_Proyecto.cpp
       ManifestResourceCompile:
         All outputs are up-to-date.
       Link:
         C:\Program Files (x86)\Microsoft Visual Studio 10.0\VC\bin\link.exe /ERRORREPORT:PROMPT /OUT:"C:\Users\Reynaldo Roca\documents\visual studio 2010\Projects\Nodo_Proyecto\Debug\Nodo_Proyecto.exe" /INCREMENTAL /NOLOGO kernel32.lib user32.lib gdi32.lib winspool.lib comdlg32.lib advapi32.lib shell32.lib ole32.lib oleaut32.lib uuid.lib odbc32.lib odbccp32.lib /MANIFEST /ManifestFile:"Debug\Nodo_Proyecto.exe.intermediate.manifest" /MANIFESTUAC:"level='asInvoker' uiAccess='false'" /DEBUG /PDB:"C:\Users\Reynaldo Roca\documents\visual studio 2010\Projects\Nodo_Proyecto\Debug\Nodo_Proyecto.pdb" /SUBSYSTEM:CONSOLE /TLBID:1 /DYNAMICBASE /NXCOMPAT /IMPLIB:"C:\Users\Reynaldo Roca\documents\visual studio 2010\Projects\Nodo_Proyecto\Debug\Nodo_Proyecto.lib" /MACHINE:X86 Debug\Nodo_Proyecto.exe.embed.manifest.res
         Debug\Empleado.obj
         Debug\Nodo_Persona.obj
         Debug\Nodo_Proyecto.obj
         Debug\stdafx.obj
         Debug\Vendedor.obj
       Manifest:
         C:\Program Files (x86)\Microsoft SDKs\Windows\v7.0A\bin\mt.exe /nologo /verbose /out:"Debug\Nodo_Proyecto.exe.embed.manifest" /manifest Debug\Nodo_Proyecto.exe.intermediate.manifest
         All outputs are up-to-date.
       LinkEmbedManifest:
         All outputs are up-to-date.
         Nodo_Proyecto.vcxproj -> C:\Users\Reynaldo Roca\documents\visual studio 2010\Projects\Nodo_Proyecto\Debug\Nodo_Proyecto.exe
       FinalizeBuildStatus:
         Deleting file "Debug\Nodo_Proyecto.unsuccessfulbuild".
         Touching "Debug\Nodo_Proyecto.lastbuildstate".
     1>Done Building Project "C:\Users\Reynaldo Roca\documents\visual studio 2010\Projects\Nodo_Proyecto\Nodo_Proyecto\Nodo_Proyecto.vcxproj" (build target(s)).

Build succeeded.

Time Elapsed 00:00:00.85
